<?xml version="1.0" encoding="UTF-8"?>
<!-- Generated by org.testng.reporters.JUnitReportReporter -->
<testsuite hostname="SHARP" failures="0" tests="22" name="tests.Tests" time="149.630" errors="0" timestamp="2024-09-01T10:29:05 IST" skipped="0">
  <testcase classname="tests.Tests" name="Decor1" time="6.332"/>
  <testcase classname="tests.Tests" name="Decor2" time="6.495"/>
  <testcase classname="tests.Tests" name="Decor3" time="6.277"/>
  <testcase classname="tests.Tests" name="Decor4" time="9.096"/>
  <testcase classname="tests.Tests" name="Decor5" time="8.634"/>
  <testcase classname="tests.Tests" name="Decor6" time="6.475"/>
  <testcase classname="tests.Tests" name="BedBath1" time="6.030"/>
  <testcase classname="tests.Tests" name="BedBath2" time="8.605"/>
  <testcase classname="tests.Tests" name="BS1" time="6.108"/>
  <testcase classname="tests.Tests" name="BS2" time="6.228"/>
  <testcase classname="tests.Tests" name="BS3" time="6.353"/>
  <testcase classname="tests.Tests" name="BS4" time="6.715"/>
  <testcase classname="tests.Tests" name="BS5" time="6.771"/>
  <testcase classname="tests.Tests" name="BS6" time="6.470"/>
  <testcase classname="tests.Tests" name="BS7" time="6.563"/>
  <testcase classname="tests.Tests" name="BS8" time="6.852"/>
  <testcase classname="tests.Tests" name="BS9" time="8.341"/>
  <testcase classname="tests.Tests" name="DS1" time="5.972"/>
  <testcase classname="tests.Tests" name="DS2" time="6.402"/>
  <testcase classname="tests.Tests" name="DS3" time="6.004"/>
  <testcase classname="tests.Tests" name="DS4" time="6.579"/>
  <testcase classname="tests.Tests" name="DS5" time="6.328"/>
</testsuite> <!-- tests.Tests -->
