<?xml version="1.0" encoding="UTF-8"?>
<!-- Generated by org.testng.reporters.JUnitReportReporter -->
<testsuite hostname="SHARP" failures="0" tests="22" name="tests.Tests" time="154.750" errors="0" timestamp="2024-09-01T17:19:35 IST" skipped="0">
  <testcase classname="tests.Tests" name="Decor1" time="6.996"/>
  <testcase classname="tests.Tests" name="Decor2" time="7.037"/>
  <testcase classname="tests.Tests" name="Decor3" time="6.786"/>
  <testcase classname="tests.Tests" name="Decor4" time="9.122"/>
  <testcase classname="tests.Tests" name="Decor5" time="6.786"/>
  <testcase classname="tests.Tests" name="Decor6" time="6.432"/>
  <testcase classname="tests.Tests" name="BedBath1" time="6.853"/>
  <testcase classname="tests.Tests" name="BedBath2" time="9.130"/>
  <testcase classname="tests.Tests" name="BS1" time="6.086"/>
  <testcase classname="tests.Tests" name="BS2" time="6.514"/>
  <testcase classname="tests.Tests" name="BS3" time="6.901"/>
  <testcase classname="tests.Tests" name="BS4" time="6.659"/>
  <testcase classname="tests.Tests" name="BS5" time="6.424"/>
  <testcase classname="tests.Tests" name="BS6" time="6.363"/>
  <testcase classname="tests.Tests" name="BS7" time="6.487"/>
  <testcase classname="tests.Tests" name="BS8" time="6.863"/>
  <testcase classname="tests.Tests" name="BS9" time="8.741"/>
  <testcase classname="tests.Tests" name="DS1" time="5.868"/>
  <testcase classname="tests.Tests" name="DS2" time="6.710"/>
  <testcase classname="tests.Tests" name="DS3" time="8.756"/>
  <testcase classname="tests.Tests" name="DS4" time="6.549"/>
  <testcase classname="tests.Tests" name="DS5" time="6.687"/>
</testsuite> <!-- tests.Tests -->
